ERROR:root:FIXME: Unimplemented - put('list', 'A sequence of things - created using []')
ERROR:root:FIXME: Unimplemented - get('list')
INFO:root:Constructing parser
DEBUG:root:Connecting to PostgreSQL
DEBUG:root:Database connection established.
INFO:root:Constructing parser
DEBUG:root:Constructing put subparser
DEBUG:root:Constructing get subparser
INFO:root:Storing snippet 'Test': 'This is a test snippet'
DEBUG:root:Snippet stored successfully.
DEBUG:root:Connecting to PostgreSQL
DEBUG:root:Database connection established.
INFO:root:Constructing parser
DEBUG:root:Constructing put subparser
DEBUG:root:Constructing get subparser
INFO:root:Storing snippet 'Test': 'This is a test snippet'
DEBUG:root:Connecting to PostgreSQL
DEBUG:root:Database connection established.
INFO:root:Constructing parser
DEBUG:root:Constructing put subparser
DEBUG:root:Constructing get subparser
INFO:root:Storing snippet 'Test2': 'This is a test snippet'
DEBUG:root:Snippet stored successfully.
DEBUG:root:Connecting to PostgreSQL
DEBUG:root:Database connection established.
INFO:root:Constructing parser
DEBUG:root:Constructing put subparser
DEBUG:root:Constructing get subparser
DEBUG:root:Connecting to PostgreSQL
DEBUG:root:Database connection established.
INFO:root:Constructing parser
DEBUG:root:Constructing put subparser
DEBUG:root:Constructing get subparser
DEBUG:root:Connecting to PostgreSQL
DEBUG:root:Database connection established.
INFO:root:Constructing parser
DEBUG:root:Constructing put subparser
DEBUG:root:Constructing get subparser
DEBUG:root:Connecting to PostgreSQL
DEBUG:root:Database connection established.
INFO:root:Constructing parser
DEBUG:root:Constructing put subparser
DEBUG:root:Constructing get subparser
DEBUG:root:Connecting to PostgreSQL
DEBUG:root:Database connection established.
INFO:root:Constructing parser
DEBUG:root:Constructing put subparser
DEBUG:root:Constructing get subparser
DEBUG:root:Connecting to PostgreSQL
DEBUG:root:Database connection established.
INFO:root:Constructing parser
DEBUG:root:Constructing put subparser
DEBUG:root:Constructing get subparser
DEBUG:root:Connecting to PostgreSQL
DEBUG:root:Database connection established.
INFO:root:Constructing parser
DEBUG:root:Constructing put subparser
DEBUG:root:Constructing get subparser
DEBUG:root:Connecting to PostgreSQL
DEBUG:root:Database connection established.
INFO:root:Constructing parser
DEBUG:root:Constructing put subparser
DEBUG:root:Constructing get subparser
DEBUG:root:Connecting to PostgreSQL
DEBUG:root:Database connection established.
INFO:root:Constructing parser
DEBUG:root:Constructing put subparser
DEBUG:root:Constructing get subparser
DEBUG:root:Connecting to PostgreSQL
DEBUG:root:Database connection established.
INFO:root:Constructing parser
DEBUG:root:Constructing put subparser
DEBUG:root:Constructing get subparser
DEBUG:root:Connecting to PostgreSQL
DEBUG:root:Database connection established.
INFO:root:Constructing parser
DEBUG:root:Constructing put subparser
DEBUG:root:Constructing get subparser
DEBUG:root:Connecting to PostgreSQL
DEBUG:root:Database connection established.
INFO:root:Constructing parser
DEBUG:root:Constructing put subparser
DEBUG:root:Constructing get subparser
DEBUG:root:Connecting to PostgreSQL
DEBUG:root:Database connection established.
INFO:root:Constructing parser
DEBUG:root:Constructing put subparser
DEBUG:root:Constructing get subparser
DEBUG:root:Connecting to PostgreSQL
DEBUG:root:Database connection established.
INFO:root:Constructing parser
DEBUG:root:Constructing put subparser
DEBUG:root:Constructing get subparser
DEBUG:root:Connecting to PostgreSQL
DEBUG:root:Database connection established.
DEBUG:root:Connecting to PostgreSQL
DEBUG:root:Database connection established.
INFO:root:Constructing parser
DEBUG:root:Constructing put subparser
DEBUG:root:Constructing get subparser
DEBUG:root:Connecting to PostgreSQL
DEBUG:root:Database connection established.
INFO:root:Constructing parser
DEBUG:root:Constructing put subparser
DEBUG:root:Constructing get subparser
DEBUG:root:Connecting to PostgreSQL
DEBUG:root:Database connection established.
INFO:root:Constructing parser
DEBUG:root:Constructing put subparser
DEBUG:root:Constructing get subparser
DEBUG:root:Connecting to PostgreSQL
DEBUG:root:Database connection established.
INFO:root:Constructing parser
DEBUG:root:Constructing put subparser
DEBUG:root:Constructing get subparser
DEBUG:root:Connecting to PostgreSQL
DEBUG:root:Connecting to PostgreSQL
DEBUG:root:Connecting to PostgreSQL
DEBUG:root:Connecting to PostgreSQL
DEBUG:root:Connecting to PostgreSQL
DEBUG:root:Database connection established.
INFO:root:Constructing parser
DEBUG:root:Constructing put subparser
DEBUG:root:Constructing get subparser
DEBUG:root:Connecting to PostgreSQL
DEBUG:root:Database connection established.
INFO:root:Constructing parser
DEBUG:root:Constructing put subparser
DEBUG:root:Constructing get subparser
INFO:root:Storing snippet 'Test4': 'This is a test snippet'
DEBUG:root:Snippet stored successfully.
DEBUG:root:Connecting to PostgreSQL
DEBUG:root:Database connection established.
INFO:root:Constructing parser
DEBUG:root:Constructing put subparser
DEBUG:root:Constructing get subparser
DEBUG:root:Connecting to PostgreSQL
DEBUG:root:Database connection established.
INFO:root:Constructing parser
DEBUG:root:Constructing put subparser
DEBUG:root:Constructing get subparser
DEBUG:root:Connecting to PostgreSQL
DEBUG:root:Database connection established.
INFO:root:Constructing parser
DEBUG:root:Constructing put subparser
DEBUG:root:Constructing get subparser
DEBUG:root:Connecting to PostgreSQL
DEBUG:root:Database connection established.
DEBUG:root:Connecting to PostgreSQL
DEBUG:root:Database connection established.
INFO:root:Constructing parser
DEBUG:root:Constructing put subparser
DEBUG:root:Constructing get subparser
DEBUG:root:Connecting to PostgreSQL
DEBUG:root:Database connection established.
INFO:root:Constructing parser
DEBUG:root:Constructing put subparser
DEBUG:root:Constructing get subparser
DEBUG:root:Connecting to PostgreSQL
DEBUG:root:Database connection established.
INFO:root:Constructing parser
DEBUG:root:Constructing put subparser
DEBUG:root:Constructing get subparser
DEBUG:root:Connecting to PostgreSQL
DEBUG:root:Database connection established.
INFO:root:Constructing parser
DEBUG:root:Constructing put subparser
DEBUG:root:Constructing get subparser
DEBUG:root:Connecting to PostgreSQL
DEBUG:root:Database connection established.
INFO:root:Constructing parser
DEBUG:root:Constructing put subparser
DEBUG:root:Constructing get subparser
DEBUG:root:Connecting to PostgreSQL
DEBUG:root:Database connection established.
INFO:root:Constructing parser
DEBUG:root:Constructing put subparser
DEBUG:root:Constructing get subparser
INFO:root:Select snippet 'Test4'
DEBUG:root:Connecting to PostgreSQL
DEBUG:root:Database connection established.
INFO:root:Constructing parser
DEBUG:root:Constructing put subparser
DEBUG:root:Constructing get subparser
INFO:root:Select snippet 'Test4'
DEBUG:root:Connecting to PostgreSQL
DEBUG:root:Database connection established.
INFO:root:Constructing parser
DEBUG:root:Constructing put subparser
DEBUG:root:Constructing get subparser
INFO:root:Select snippet 'Test4'
DEBUG:root:Connecting to PostgreSQL
DEBUG:root:Database connection established.
INFO:root:Constructing parser
DEBUG:root:Constructing put subparser
DEBUG:root:Constructing get subparser
INFO:root:Select snippet 'Test4'
DEBUG:root:Snippet retrieved successfully.
DEBUG:root:Connecting to PostgreSQL
DEBUG:root:Database connection established.
INFO:root:Constructing parser
DEBUG:root:Constructing put subparser
DEBUG:root:Constructing get subparser
INFO:root:Select snippet 'Test4'
DEBUG:root:Snippet retrieved successfully.
DEBUG:root:Connecting to PostgreSQL
DEBUG:root:Connecting to PostgreSQL
DEBUG:root:Database connection established.
INFO:root:Constructing parser
DEBUG:root:Constructing put subparser
DEBUG:root:Constructing get subparser
DEBUG:root:Connecting to PostgreSQL
DEBUG:root:Database connection established.
INFO:root:Constructing parser
DEBUG:root:Constructing put subparser
DEBUG:root:Constructing get subparser
DEBUG:root:Connecting to PostgreSQL
DEBUG:root:Database connection established.
INFO:root:Constructing parser
DEBUG:root:Constructing put subparser
DEBUG:root:Constructing get subparser
DEBUG:root:Connecting to PostgreSQL
DEBUG:root:Database connection established.
INFO:root:Constructing parser
DEBUG:root:Constructing put subparser
DEBUG:root:Constructing get subparser
DEBUG:root:Connecting to PostgreSQL
DEBUG:root:Database connection established.
INFO:root:Constructing parser
DEBUG:root:Constructing put subparser
DEBUG:root:Constructing get subparser
INFO:root:Select snippet 'Test'
DEBUG:root:Snippet retrieved successfully.
DEBUG:root:Connecting to PostgreSQL
DEBUG:root:Database connection established.
INFO:root:Constructing parser
DEBUG:root:Constructing put subparser
DEBUG:root:Constructing get subparser
INFO:root:Select snippet 'Test7'
DEBUG:root:Snippet retrieved successfully.
DEBUG:root:Connecting to PostgreSQL
DEBUG:root:Database connection established.
INFO:root:Constructing parser
DEBUG:root:Constructing put subparser
DEBUG:root:Constructing get subparser
DEBUG:root:Connecting to PostgreSQL
DEBUG:root:Database connection established.
INFO:root:Constructing parser
DEBUG:root:Constructing put subparser
DEBUG:root:Constructing get subparser
INFO:root:Storing snippet 'Test': 'This is to see how error handling works'
DEBUG:root:Snippet stored successfully.
DEBUG:root:Connecting to PostgreSQL
DEBUG:root:Database connection established.
INFO:root:Constructing parser
DEBUG:root:Constructing put subparser
DEBUG:root:Constructing get subparser
INFO:root:Storing snippet 'Test9': 'Commit Commit Commit'
DEBUG:root:Connecting to PostgreSQL
DEBUG:root:Database connection established.
INFO:root:Constructing parser
DEBUG:root:Constructing put subparser
DEBUG:root:Constructing get subparser
INFO:root:Storing snippet 'Test9': 'Commit Commit Commit'
DEBUG:root:Connecting to PostgreSQL
DEBUG:root:Database connection established.
INFO:root:Constructing parser
DEBUG:root:Constructing put subparser
DEBUG:root:Constructing get subparser
INFO:root:Storing snippet 'Test9': 'Commit Commit Commits'
DEBUG:root:Connecting to PostgreSQL
DEBUG:root:Database connection established.
INFO:root:Constructing parser
DEBUG:root:Constructing put subparser
DEBUG:root:Constructing get subparser
INFO:root:Storing snippet 'Test9': 'Commit Commit Commit'
DEBUG:root:Connecting to PostgreSQL
DEBUG:root:Database connection established.
INFO:root:Constructing parser
DEBUG:root:Constructing put subparser
DEBUG:root:Constructing get subparser
INFO:root:Storing snippet 'Test9': 'Commit Commit Commit'
DEBUG:root:Connecting to PostgreSQL
DEBUG:root:Database connection established.
INFO:root:Constructing parser
DEBUG:root:Constructing put subparser
DEBUG:root:Constructing get subparser
INFO:root:Storing snippet 'Test9': 'Commit Commit Commit'
DEBUG:root:Snippet stored successfully.
DEBUG:root:Connecting to PostgreSQL
DEBUG:root:Database connection established.
INFO:root:Constructing parser
DEBUG:root:Constructing put subparser
DEBUG:root:Constructing get subparser
INFO:root:Storing snippet 'Test9': 'Commit Commit Commit'
DEBUG:root:Snippet stored successfully.
DEBUG:root:Connecting to PostgreSQL
DEBUG:root:Database connection established.
INFO:root:Constructing parser
DEBUG:root:Constructing put subparser
DEBUG:root:Constructing get subparser
INFO:root:Storing snippet 'Test9': 'Commit Commit Commit'
DEBUG:root:Connecting to PostgreSQL
DEBUG:root:Database connection established.
INFO:root:Constructing parser
DEBUG:root:Constructing put subparser
DEBUG:root:Constructing get subparser
INFO:root:Storing snippet 'Test9': 'Commit Commit Commit'
DEBUG:root:Connecting to PostgreSQL
DEBUG:root:Database connection established.
INFO:root:Constructing parser
DEBUG:root:Constructing put subparser
DEBUG:root:Constructing get subparser
INFO:root:Storing snippet 'Test9': 'Commit Commit Commit'
DEBUG:root:Connecting to PostgreSQL
DEBUG:root:Database connection established.
INFO:root:Constructing parser
DEBUG:root:Constructing put subparser
DEBUG:root:Constructing get subparser
INFO:root:Storing snippet 'Test9': 'Commit Commit Commit'
DEBUG:root:Connecting to PostgreSQL
DEBUG:root:Database connection established.
INFO:root:Constructing parser
DEBUG:root:Constructing put subparser
DEBUG:root:Constructing get subparser
INFO:root:Storing snippet 'Test9': 'Commit Commit Commit'
DEBUG:root:Connecting to PostgreSQL
DEBUG:root:Database connection established.
INFO:root:Constructing parser
DEBUG:root:Constructing put subparser
DEBUG:root:Constructing get subparser
INFO:root:Storing snippet 'Test9': 'Commit Commit Commit'
DEBUG:root:Connecting to PostgreSQL
DEBUG:root:Database connection established.
INFO:root:Constructing parser
DEBUG:root:Constructing put subparser
DEBUG:root:Constructing get subparser
INFO:root:Storing snippet 'Test9': 'Commit Commit Commit'
DEBUG:root:Snippet stored successfully.
DEBUG:root:Connecting to PostgreSQL
DEBUG:root:Database connection established.
INFO:root:Constructing parser
DEBUG:root:Constructing put subparser
DEBUG:root:Constructing get subparser
INFO:root:Storing snippet 'Test9': 'Commit Commit Commit'
DEBUG:root:Snippet stored successfully.
